\BOOKMARK [0][-]{chapter.1}{Einleitung}{}% 1
\BOOKMARK [0][-]{chapter.2}{Das Laubharkproblem als kombinatorisches Optimierungsproblem}{}% 2
\BOOKMARK [1][-]{section.2.1}{Gartenmodelle}{chapter.2}% 3
\BOOKMARK [1][-]{section.2.2}{Aufwandsberechung}{chapter.2}% 4
\BOOKMARK [2][-]{subsection.2.2.1}{Berechnung des Harkaufwandes}{section.2.2}% 5
\BOOKMARK [2][-]{subsection.2.2.2}{Darstellung der Harkprozesse durch Nachfolgerfunktionen}{section.2.2}% 6
\BOOKMARK [2][-]{subsection.2.2.3}{Berechnung von unproduktiven Wegezeiten}{section.2.2}% 7
\BOOKMARK [2][-]{subsection.2.2.4}{Berechnung des Transportaufwandes}{section.2.2}% 8
\BOOKMARK [1][-]{section.2.3}{Das formale Laubharkmodell}{chapter.2}% 9
\BOOKMARK [0][-]{chapter.3}{L\366sungsstrategien f\374r das Laubharkproblem}{}% 10
\BOOKMARK [1][-]{section.3.1}{Hubbestimmung in einem Cluster}{chapter.3}% 11
\BOOKMARK [2][-]{subsection.3.1.1}{Hubzentrierung in einem Cluster}{section.3.1}% 12
\BOOKMARK [2][-]{subsection.3.1.2}{Hubausrichtung in einem Cluster}{section.3.1}% 13
\BOOKMARK [2][-]{subsection.3.1.3}{Sonderbehandlung von Leerfeldern}{section.3.1}% 14
\BOOKMARK [1][-]{section.3.2}{Konstruktionsverfahren}{chapter.3}% 15
\BOOKMARK [2][-]{subsection.3.2.1}{Zickzack-Strategien}{section.3.2}% 16
\BOOKMARK [2][-]{subsection.3.2.2}{Clusterorientiertes Konstruktionsverfahren}{section.3.2}% 17
\BOOKMARK [2][-]{subsection.3.2.3}{Huborientiertes Konstruktionsverfahren}{section.3.2}% 18
\BOOKMARK [1][-]{section.3.3}{Verbesserungsverfahren}{chapter.3}% 19
\BOOKMARK [2][-]{subsection.3.3.1}{L\366sungsverbesserung durch einfachen Nachfolgertausch innerhalb eines Clusters}{section.3.3}% 20
\BOOKMARK [2][-]{subsection.3.3.2}{L\366sungsverbesserung durch mehrfachen Nachfolgertausch innerhalb eines Clusters}{section.3.3}% 21
\BOOKMARK [2][-]{subsection.3.3.3}{L\366sungsverbesserung durch Einf\374gestrategie}{section.3.3}% 22
\BOOKMARK [2][-]{subsection.3.3.4}{L\366sungsverbesserung durch Clustervereinigung}{section.3.3}% 23
\BOOKMARK [0][-]{chapter*.14}{Literaturverzeichnis}{}% 24
\BOOKMARK [0][-]{appendix.A}{Glossar}{}% 25
\BOOKMARK [0][-]{appendix.B}{Algorithmen}{}% 26
\BOOKMARK [0][-]{appendix.C}{L\366sungsstrategien am Beispiel}{}% 27
\BOOKMARK [1][-]{section.C.1}{Zickzack-Strategien am Beispiel}{appendix.C}% 28
\BOOKMARK [2][-]{subsection.C.1.1}{Einfache Zickzack-Strategie}{section.C.1}% 29
\BOOKMARK [2][-]{subsection.C.1.2}{Unterteilte Zickzack-Strategie}{section.C.1}% 30
\BOOKMARK [1][-]{section.C.2}{Clusterorientiertes Konstruktionsverfahren am Beispiel}{appendix.C}% 31
\BOOKMARK [1][-]{section.C.3}{Huborientiertes Konstruktionsverfahren am Beispiel}{appendix.C}% 32
\BOOKMARK [2][-]{subsection.C.3.1}{Huborientiertes Konstruktionsverfahren via Tiefensuche}{section.C.3}% 33
\BOOKMARK [2][-]{subsection.C.3.2}{Huborientiertes Konstruktionsverfahren via Breitensuche}{section.C.3}% 34
\BOOKMARK [1][-]{section.C.4}{Abschlie\337ende Erl\344uterungen zu den Beispielrechnungen}{appendix.C}% 35
